2024-07-05 16:09:57 [INFO] Server running on http://localhost:3001
2024-07-05 16:10:38 [INFO] Server running on http://localhost:3001
2024-07-05 16:10:44 [INFO] Starting scrape for at
2024-07-05 16:10:44 [INFO] Generated URL: https://at.indeed.com/jobs?q=Software%20Engineer&l=Wels&radius=10&jobType=&company=&experienceLevel=&datePosted=&remote=&salary=
2024-07-05 16:10:44 [INFO] Navigating to URL: https://at.indeed.com/jobs?q=Software%20Engineer&l=Wels&radius=10&jobType=&company=&experienceLevel=&datePosted=&remote=&salary=
2024-07-05 16:10:47 [INFO] Found 16 job cards on page 1
2024-07-05 16:11:02 [INFO] Page 1: Scraped 16 jobs
2024-07-05 16:11:02 [DEBUG] Next button exists: false
2024-07-05 16:11:04 [INFO] Total jobs scraped for at: 8
2024-07-05 16:11:04 [INFO] Finished scrape for at, found 8 jobs
2024-07-05 16:16:58 [INFO] Server running on http://localhost:3001
2024-07-05 16:17:01 [INFO] Server running on http://localhost:3001
2024-07-05 16:20:09 [INFO] Server running on http://localhost:3001
2024-07-05 16:20:18 [INFO] Starting scrape for at
2024-07-05 16:20:18 [INFO] Generated URL: https://at.indeed.com/jobs?q=Software%20Engineer&l=Wels&radius=25&jobType=&company=&experienceLevel=&datePosted=&remote=&salary=
2024-07-05 16:20:18 [INFO] Navigating to URL: https://at.indeed.com/jobs?q=Software%20Engineer&l=Wels&radius=25&jobType=&company=&experienceLevel=&datePosted=&remote=&salary=
2024-07-05 16:20:21 [INFO] Found 30 job cards on page 1
2024-07-05 16:20:22 [ERROR] Error scraping job details from https://at.indeed.com/rc/clk?jk=d2d66e6aab736ae6&bb=ku1mwsmRibCJSuWrI-wwX_4xDfFL0F9UH7hJu8tp0wSxt3oUPAKAm6jBYugoeJdXvs0jGlZ95APQzAp6nQep7isf69K4tARi4DBf1q02WdRihrMQkzoYRBHTrLZ9GF--&xkcb=SoAL67M3-BgsWmZ_LJ0KbzkdCdPP&fccid=ce5afe21edb7da03&vjs=3: net::ERR_ABORTED at https://at.indeed.com/rc/clk?jk=d2d66e6aab736ae6&bb=ku1mwsmRibCJSuWrI-wwX_4xDfFL0F9UH7hJu8tp0wSxt3oUPAKAm6jBYugoeJdXvs0jGlZ95APQzAp6nQep7isf69K4tARi4DBf1q02WdRihrMQkzoYRBHTrLZ9GF--&xkcb=SoAL67M3-BgsWmZ_LJ0KbzkdCdPP&fccid=ce5afe21edb7da03&vjs=3
2024-07-05 16:20:22 [ERROR] Error scraping job details from https://at.indeed.com/rc/clk?jk=0d507a3427090779&bb=ku1mwsmRibCJSuWrI-wwXyy0qiPHzNkwPTcmCkxpbIl0OmVVyEMsYDABeoGqQ6jQ5yThos-gUjSrBl0uUp9BYxnArzaW6-ZXUW73VuT_eIeTRNNJYJSVCe_fNuaSZq3k&xkcb=SoCW67M3-BgsWmZ_LJ0JbzkdCdPP&fccid=15ca9a58e70b9516&vjs=3: net::ERR_ABORTED at https://at.indeed.com/rc/clk?jk=0d507a3427090779&bb=ku1mwsmRibCJSuWrI-wwXyy0qiPHzNkwPTcmCkxpbIl0OmVVyEMsYDABeoGqQ6jQ5yThos-gUjSrBl0uUp9BYxnArzaW6-ZXUW73VuT_eIeTRNNJYJSVCe_fNuaSZq3k&xkcb=SoCW67M3-BgsWmZ_LJ0JbzkdCdPP&fccid=15ca9a58e70b9516&vjs=3
2024-07-05 16:20:22 [ERROR] Error scraping job details from https://at.indeed.com/pagead/clk?mo=r&ad=-6NYlbfkN0Aj4-Lc4C6Hb0ykU3jOktLDIAAw4anZygn__rtZFvHgNcnU-XyPVC1WhLwlUQKKSSleKeN0Y_6VvCx6ykQLwFH2mOOaoPVfvtWbE7xWC-F-FfWJ35OnCD__PceElMmLh-q5U2_2Zpeq13EeVJ5rn-fJRmA9g2v_IoHwlk3EAR6qVjzULRU1--3TeGZD6S8uJvVoaPTWOceT9B6cbN6Yw11RjjMhxd25_zWJuouAxcx9_9uTDJh1F4kRQifuev6CenT3Bi1RQXVQ8hPlhC_KE9goUgoNjuHSIxqfR8xnakI4d-UX3yRj8mF_GGMk7VKSzhZxiVGq8fSToIWwTWAQc_xYmJzeuQD1yJ8v5rhX0VpRU9eKdIQIzhmK-ZeJsqhiNukub6SPubSRhKBz3D2DByGFYRtoHoyvoP0CgrvYgvau4_uZtdqAQal0SPUF-ISfu1BbLsm1FkE2CrQ-SlOr8qs_BaufAOipGrsHaicGnrh2iWM7bk1OzxrcrOWvsGHhQ62xA0Dfa-pr5Cfap9cZF0B2KWh5C-GcbXKp3SGwZWW_lpW34Vwqyh_i5radVhauVFCpqj8x9rYptQedmYCAA5HddChZf0V__YdI5CFTGy_6HRc4cXdxW_JOAuTBKo3NKROOMPYoRX3KIWSi2jWfEZrmXuVTA51SxLO_7_xjWCNLtQ==&xkcb=SoBL6_M3-BgsWmZ_LJ0LbzkdCdPP&camk=4HOcmqOLYrBiEwHQTRZf9A==&p=0&fvj=0&vjs=3: net::ERR_ABORTED at https://at.indeed.com/pagead/clk?mo=r&ad=-6NYlbfkN0Aj4-Lc4C6Hb0ykU3jOktLDIAAw4anZygn__rtZFvHgNcnU-XyPVC1WhLwlUQKKSSleKeN0Y_6VvCx6ykQLwFH2mOOaoPVfvtWbE7xWC-F-FfWJ35OnCD__PceElMmLh-q5U2_2Zpeq13EeVJ5rn-fJRmA9g2v_IoHwlk3EAR6qVjzULRU1--3TeGZD6S8uJvVoaPTWOceT9B6cbN6Yw11RjjMhxd25_zWJuouAxcx9_9uTDJh1F4kRQifuev6CenT3Bi1RQXVQ8hPlhC_KE9goUgoNjuHSIxqfR8xnakI4d-UX3yRj8mF_GGMk7VKSzhZxiVGq8fSToIWwTWAQc_xYmJzeuQD1yJ8v5rhX0VpRU9eKdIQIzhmK-ZeJsqhiNukub6SPubSRhKBz3D2DByGFYRtoHoyvoP0CgrvYgvau4_uZtdqAQal0SPUF-ISfu1BbLsm1FkE2CrQ-SlOr8qs_BaufAOipGrsHaicGnrh2iWM7bk1OzxrcrOWvsGHhQ62xA0Dfa-pr5Cfap9cZF0B2KWh5C-GcbXKp3SGwZWW_lpW34Vwqyh_i5radVhauVFCpqj8x9rYptQedmYCAA5HddChZf0V__YdI5CFTGy_6HRc4cXdxW_JOAuTBKo3NKROOMPYoRX3KIWSi2jWfEZrmXuVTA51SxLO_7_xjWCNLtQ==&xkcb=SoBL6_M3-BgsWmZ_LJ0LbzkdCdPP&camk=4HOcmqOLYrBiEwHQTRZf9A==&p=0&fvj=0&vjs=3
2024-07-05 16:20:22 [ERROR] Error scraping job details from https://at.indeed.com/rc/clk?jk=477237ae16839234&bb=ku1mwsmRibCJSuWrI-wwX90ZiBGyx7iXyCrlX26EhUqMC0TQfLgYe137dRlr9KuTY32GuJ_XhllGbUghByjBnVU0cPCZBpZLTtic3Jh9EsT84HNySOGusoSAZuLJ_WY3&xkcb=SoAi67M3-BgsWmZ_LJ0IbzkdCdPP&fccid=5c28f7ccbc5092c5&vjs=3: net::ERR_ABORTED at https://at.indeed.com/rc/clk?jk=477237ae16839234&bb=ku1mwsmRibCJSuWrI-wwX90ZiBGyx7iXyCrlX26EhUqMC0TQfLgYe137dRlr9KuTY32GuJ_XhllGbUghByjBnVU0cPCZBpZLTtic3Jh9EsT84HNySOGusoSAZuLJ_WY3&xkcb=SoAi67M3-BgsWmZ_LJ0IbzkdCdPP&fccid=5c28f7ccbc5092c5&vjs=3
2024-07-05 16:20:22 [ERROR] Error scraping job details from https://at.indeed.com/rc/clk?jk=477237ae16839234&bb=ku1mwsmRibCJSuWrI-wwX90ZiBGyx7iXyCrlX26EhUqMC0TQfLgYe137dRlr9KuTY32GuJ_XhllGbUghByjBnVU0cPCZBpZLTtic3Jh9EsT84HNySOGusoSAZuLJ_WY3&xkcb=SoAi67M3-BgsWmZ_LJ0IbzkdCdPP&fccid=5c28f7ccbc5092c5&vjs=3: net::ERR_ABORTED at https://at.indeed.com/rc/clk?jk=477237ae16839234&bb=ku1mwsmRibCJSuWrI-wwX90ZiBGyx7iXyCrlX26EhUqMC0TQfLgYe137dRlr9KuTY32GuJ_XhllGbUghByjBnVU0cPCZBpZLTtic3Jh9EsT84HNySOGusoSAZuLJ_WY3&xkcb=SoAi67M3-BgsWmZ_LJ0IbzkdCdPP&fccid=5c28f7ccbc5092c5&vjs=3
2024-07-05 16:20:23 [ERROR] Error scraping job details from https://at.indeed.com/pagead/clk?mo=r&ad=-6NYlbfkN0Aj4-Lc4C6Hb0ykU3jOktLDIAAw4anZygn__rtZFvHgNcnU-XyPVC1WhLwlUQKKSSleKeN0Y_6VvHFfXkUtrab74SkJJfgXVJd67dcpuXxRaLQNlHbz4yCmPxduITK2o2lnX34ASFm5EKAQbZcQmzxfPFlvCxm2Pn2_Xj6B7tJQSirKpQOVrSjl681bApjbM64Taf0ArzthBCoFbR98BLV7G7tEuKMN0hmGEvKECzS8TIaOVwYjKFpU2Krat0KF9x0EzZfMefqdQH8hrGXRagATFA7UK6HaHigRZY6pR4Sgtang2ZyLVdPAqQfD2vFGP0EKQGtC8AaiEuDHZYit4w7ZsnZAqSVIj5-dI3-8FSseq6WukCXlw3f7pfRmWv6TWJcvXn26NFtWOdvy9PSrJakXsaizmNoSLXTsN3y3sgk2D4-XoCoYyyg7YmPSqw1L1bNjLVIACU0lLYvEtkagH_ZmDkBUdsOMQI9T-Xsph5pyhev1oB6eIz_pDjuqsFTGCS8z44UCE7VmdTDC9gaSCtTfs4nCL4CEfg3LeKRDGjCl4vtc1wSEi3cbFCXy4hdx6ruTV9fyXqmbm9Ri8XZYfkhoOmTa6qSJ2oOk-ATk6oqhW7L-KL9qYTIVOF4dpN8j1NPbbG8NVq4nE_r2_n8wduebw0Xkd8Booxk=&xkcb=SoDs6_M3-BgsWmZ_LJ0ObzkdCdPP&camk=4HOcmqOLYrBiEwHQTRZf9A==&p=5&fvj=0&vjs=3: net::ERR_ABORTED at https://at.indeed.com/pagead/clk?mo=r&ad=-6NYlbfkN0Aj4-Lc4C6Hb0ykU3jOktLDIAAw4anZygn__rtZFvHgNcnU-XyPVC1WhLwlUQKKSSleKeN0Y_6VvHFfXkUtrab74SkJJfgXVJd67dcpuXxRaLQNlHbz4yCmPxduITK2o2lnX34ASFm5EKAQbZcQmzxfPFlvCxm2Pn2_Xj6B7tJQSirKpQOVrSjl681bApjbM64Taf0ArzthBCoFbR98BLV7G7tEuKMN0hmGEvKECzS8TIaOVwYjKFpU2Krat0KF9x0EzZfMefqdQH8hrGXRagATFA7UK6HaHigRZY6pR4Sgtang2ZyLVdPAqQfD2vFGP0EKQGtC8AaiEuDHZYit4w7ZsnZAqSVIj5-dI3-8FSseq6WukCXlw3f7pfRmWv6TWJcvXn26NFtWOdvy9PSrJakXsaizmNoSLXTsN3y3sgk2D4-XoCoYyyg7YmPSqw1L1bNjLVIACU0lLYvEtkagH_ZmDkBUdsOMQI9T-Xsph5pyhev1oB6eIz_pDjuqsFTGCS8z44UCE7VmdTDC9gaSCtTfs4nCL4CEfg3LeKRDGjCl4vtc1wSEi3cbFCXy4hdx6ruTV9fyXqmbm9Ri8XZYfkhoOmTa6qSJ2oOk-ATk6oqhW7L-KL9qYTIVOF4dpN8j1NPbbG8NVq4nE_r2_n8wduebw0Xkd8Booxk=&xkcb=SoDs6_M3-BgsWmZ_LJ0ObzkdCdPP&camk=4HOcmqOLYrBiEwHQTRZf9A==&p=5&fvj=0&vjs=3
2024-07-05 16:20:23 [ERROR] Error scraping job details from https://at.indeed.com/rc/clk?jk=f470695b480a25bd&bb=ku1mwsmRibCJSuWrI-wwX_G96pgVs2Xc-7ag-5Yg8cBSxwP_M5czcX-VionSXIyDFDKXy4haDI2fUCq-DvgKmCo5TzpGfDuyTljQwG85gBXI98fMHwR114nUZkc6pTUt&xkcb=SoCF67M3-BgsWmZ_LJ0NbzkdCdPP&fccid=964b336d24aba7f4&vjs=3: net::ERR_ABORTED at https://at.indeed.com/rc/clk?jk=f470695b480a25bd&bb=ku1mwsmRibCJSuWrI-wwX_G96pgVs2Xc-7ag-5Yg8cBSxwP_M5czcX-VionSXIyDFDKXy4haDI2fUCq-DvgKmCo5TzpGfDuyTljQwG85gBXI98fMHwR114nUZkc6pTUt&xkcb=SoCF67M3-BgsWmZ_LJ0NbzkdCdPP&fccid=964b336d24aba7f4&vjs=3
2024-07-05 16:20:27 [ERROR] Error scraping job details from https://at.indeed.com/rc/clk?jk=26fc81879a1e91d6&bb=ku1mwsmRibCJSuWrI-wwX__rwIu1PumSZpSvzrGevmS3LPxeEWqAnLslYLv2lm8BwsQO6gS7K0i5iI_Gm2nKGbPcfBRsGTfZUsqXD4aIMwg0nMaSphXGee4mU6NxOK1c&xkcb=SoBs67M3-BgsWmZ_LJ0CbzkdCdPP&fccid=84a8291914ed48e4&vjs=3: net::ERR_ABORTED at https://at.indeed.com/rc/clk?jk=26fc81879a1e91d6&bb=ku1mwsmRibCJSuWrI-wwX__rwIu1PumSZpSvzrGevmS3LPxeEWqAnLslYLv2lm8BwsQO6gS7K0i5iI_Gm2nKGbPcfBRsGTfZUsqXD4aIMwg0nMaSphXGee4mU6NxOK1c&xkcb=SoBs67M3-BgsWmZ_LJ0CbzkdCdPP&fccid=84a8291914ed48e4&vjs=3
2024-07-05 16:20:28 [ERROR] Error scraping job details from https://at.indeed.com/rc/clk?jk=cd6d06980bb64f81&bb=ku1mwsmRibCJSuWrI-wwX53hnb8eNNYHbczr_TZdFXtXuxRH4cXqwSujJXsRkVEk7Oe70xCB1TnIo-YkdD-_2n9-tPnLSEyCwxUm54gqeWJaIgQfIW-kpU14qW7BjRlv&xkcb=SoDL67M3-BgsWmZ_LJ0HbzkdCdPP&fccid=5c28f7ccbc5092c5&vjs=3: net::ERR_ABORTED at https://at.indeed.com/rc/clk?jk=cd6d06980bb64f81&bb=ku1mwsmRibCJSuWrI-wwX53hnb8eNNYHbczr_TZdFXtXuxRH4cXqwSujJXsRkVEk7Oe70xCB1TnIo-YkdD-_2n9-tPnLSEyCwxUm54gqeWJaIgQfIW-kpU14qW7BjRlv&xkcb=SoDL67M3-BgsWmZ_LJ0HbzkdCdPP&fccid=5c28f7ccbc5092c5&vjs=3
2024-07-05 16:20:28 [ERROR] Error scraping job details from https://at.indeed.com/rc/clk?jk=dfb8e8fc9ce4bdd0&bb=ku1mwsmRibCJSuWrI-wwX5qb7DPg3ZEXc3VCLC-QYNmLminmw7jGHsx5cHPCCeMAiJmYXcvDL9vmxH6b8HpNJaAxU_nLPukUMsZTGZ-RGTat7YRux2k9owa38R5GcbDD&xkcb=SoDY67M3-BgsWmZ_LJ0DbzkdCdPP&fccid=55c2fe8a2a428074&vjs=3: net::ERR_ABORTED at https://at.indeed.com/rc/clk?jk=dfb8e8fc9ce4bdd0&bb=ku1mwsmRibCJSuWrI-wwX5qb7DPg3ZEXc3VCLC-QYNmLminmw7jGHsx5cHPCCeMAiJmYXcvDL9vmxH6b8HpNJaAxU_nLPukUMsZTGZ-RGTat7YRux2k9owa38R5GcbDD&xkcb=SoDY67M3-BgsWmZ_LJ0DbzkdCdPP&fccid=55c2fe8a2a428074&vjs=3
2024-07-05 16:20:28 [ERROR] Error scraping job details from https://at.indeed.com/rc/clk?jk=4d87ed18fdde10ad&bb=ku1mwsmRibCJSuWrI-wwX112LeiGhmxoRP-dc9LM35L9TPNSqOTogHkc-Jm7cF0IjAPoq9KTmzfhmppgRt6ie80YeTxmyFpFACq9VxsizHt2OUS-1Gq9ordA9Y69W8Wk&xkcb=SoBF67M3-BgsWmZ_LJ0AbzkdCdPP&fccid=c2d3207e4e15c70c&vjs=3: net::ERR_ABORTED at https://at.indeed.com/rc/clk?jk=4d87ed18fdde10ad&bb=ku1mwsmRibCJSuWrI-wwX112LeiGhmxoRP-dc9LM35L9TPNSqOTogHkc-Jm7cF0IjAPoq9KTmzfhmppgRt6ie80YeTxmyFpFACq9VxsizHt2OUS-1Gq9ordA9Y69W8Wk&xkcb=SoBF67M3-BgsWmZ_LJ0AbzkdCdPP&fccid=c2d3207e4e15c70c&vjs=3
2024-07-05 16:20:28 [ERROR] Error scraping job details from https://at.indeed.com/rc/clk?jk=26fc81879a1e91d6&bb=ku1mwsmRibCJSuWrI-wwX__rwIu1PumSZpSvzrGevmS3LPxeEWqAnLslYLv2lm8BwsQO6gS7K0i5iI_Gm2nKGbPcfBRsGTfZUsqXD4aIMwg0nMaSphXGee4mU6NxOK1c&xkcb=SoBs67M3-BgsWmZ_LJ0CbzkdCdPP&fccid=84a8291914ed48e4&vjs=3: net::ERR_ABORTED at https://at.indeed.com/rc/clk?jk=26fc81879a1e91d6&bb=ku1mwsmRibCJSuWrI-wwX__rwIu1PumSZpSvzrGevmS3LPxeEWqAnLslYLv2lm8BwsQO6gS7K0i5iI_Gm2nKGbPcfBRsGTfZUsqXD4aIMwg0nMaSphXGee4mU6NxOK1c&xkcb=SoBs67M3-BgsWmZ_LJ0CbzkdCdPP&fccid=84a8291914ed48e4&vjs=3
2024-07-05 16:20:29 [ERROR] Error scraping job details from https://at.indeed.com/rc/clk?jk=a708a86e426d268d&bb=ku1mwsmRibCJSuWrI-wwX4sP1InOOAftZw9H2hOO-qi1FuQpXavy6nPXpijoeYAXj9KEqk4pbyp_2PSGUSEPb_x_0QeNaOr7QQbQQ_y-F6D4_Zrv7p-IiXMsPteA2cT5&xkcb=SoDi67M3-BgsWmZ_LJ0FbzkdCdPP&fccid=f540b41324bdc0f3&vjs=3: net::ERR_ABORTED at https://at.indeed.com/rc/clk?jk=a708a86e426d268d&bb=ku1mwsmRibCJSuWrI-wwX4sP1InOOAftZw9H2hOO-qi1FuQpXavy6nPXpijoeYAXj9KEqk4pbyp_2PSGUSEPb_x_0QeNaOr7QQbQQ_y-F6D4_Zrv7p-IiXMsPteA2cT5&xkcb=SoDi67M3-BgsWmZ_LJ0FbzkdCdPP&fccid=f540b41324bdc0f3&vjs=3
2024-07-05 16:20:29 [ERROR] Error scraping job details from https://at.indeed.com/rc/clk?jk=cd6d06980bb64f81&bb=ku1mwsmRibCJSuWrI-wwX53hnb8eNNYHbczr_TZdFXtXuxRH4cXqwSujJXsRkVEk7Oe70xCB1TnIo-YkdD-_2n9-tPnLSEyCwxUm54gqeWJaIgQfIW-kpU14qW7BjRlv&xkcb=SoDL67M3-BgsWmZ_LJ0HbzkdCdPP&fccid=5c28f7ccbc5092c5&vjs=3: net::ERR_ABORTED at https://at.indeed.com/rc/clk?jk=cd6d06980bb64f81&bb=ku1mwsmRibCJSuWrI-wwX53hnb8eNNYHbczr_TZdFXtXuxRH4cXqwSujJXsRkVEk7Oe70xCB1TnIo-YkdD-_2n9-tPnLSEyCwxUm54gqeWJaIgQfIW-kpU14qW7BjRlv&xkcb=SoDL67M3-BgsWmZ_LJ0HbzkdCdPP&fccid=5c28f7ccbc5092c5&vjs=3
2024-07-05 16:20:29 [ERROR] Error scraping job details from https://at.indeed.com/rc/clk?jk=a9923c6e0fcfcccb&bb=ku1mwsmRibCJSuWrI-wwXxV185aJ5EfFQVolPPp_N9_cgVjwOksWLdG33JZD8JCXkK7EnGGvce1H6i3HDR2BQHo-jrzuVZFHFZhn0MIMiKzPDCn5TUuiargsrclQFcYU&xkcb=SoB_67M3-BgsWmZ_LJ0GbzkdCdPP&fccid=a2faf1301ac6ad4b&vjs=3: net::ERR_ABORTED at https://at.indeed.com/rc/clk?jk=a9923c6e0fcfcccb&bb=ku1mwsmRibCJSuWrI-wwXxV185aJ5EfFQVolPPp_N9_cgVjwOksWLdG33JZD8JCXkK7EnGGvce1H6i3HDR2BQHo-jrzuVZFHFZhn0MIMiKzPDCn5TUuiargsrclQFcYU&xkcb=SoB_67M3-BgsWmZ_LJ0GbzkdCdPP&fccid=a2faf1301ac6ad4b&vjs=3
2024-07-05 16:20:31 [INFO] Page 1: Scraped 30 jobs
2024-07-05 16:20:31 [DEBUG] Next button exists: false
2024-07-05 16:20:32 [INFO] Total jobs scraped for at: 1
2024-07-05 16:20:32 [INFO] Finished scrape for at, found 1 jobs
2024-07-05 16:20:46 [INFO] Server running on http://localhost:3001
2024-07-05 16:20:52 [INFO] Server running on http://localhost:3001
2024-07-05 16:20:55 [INFO] Starting scrape for at
2024-07-05 16:20:55 [INFO] Generated URL: https://at.indeed.com/jobs?q=Software%20Engineer&l=Wels&radius=25&jobType=&company=&experienceLevel=&datePosted=&remote=&salary=
2024-07-05 16:20:55 [INFO] Navigating to URL: https://at.indeed.com/jobs?q=Software%20Engineer&l=Wels&radius=25&jobType=&company=&experienceLevel=&datePosted=&remote=&salary=
2024-07-05 16:20:58 [INFO] Found 30 job cards on page 1
2024-07-05 16:21:23 [INFO] Page 1: Scraped 30 jobs
2024-07-05 16:21:23 [DEBUG] Next button exists: true
2024-07-05 16:21:25 [INFO] Navigating to URL: https://at.indeed.com/jobs?q=Software%20Engineer&l=Wels&radius=25&jobType=&company=&experienceLevel=&datePosted=&remote=&salary=&start=10
2024-07-05 16:21:26 [INFO] Found 30 job cards on page 2
2024-07-05 16:21:54 [ERROR] Error scraping job details from https://at.indeed.com/rc/clk?jk=f1ba95846c45a7f3&bb=2KLDItvrUudjzfitg5rqThiBqeU5ReM5lP7e8k--icIYesTRU2KZXVhKM_KzsNNPR6D-_PQxSwhkBWjvNSD8M_6buj-ipZuMGahc0_vwYRqfXBkyIfHnbR4aTs5yVyXd&xkcb=SoBF67M3-BgkQuUDXp0BbzkdCdPP&fccid=8469deed3d4f7a34&vjs=3: Waiting for selector `h1` failed: Waiting failed: 10000ms exceeded
2024-07-05 16:21:54 [INFO] Page 2: Scraped 30 jobs
2024-07-05 16:21:54 [DEBUG] Next button exists: true
2024-07-05 16:21:55 [INFO] Navigating to URL: https://at.indeed.com/jobs?q=Software%20Engineer&l=Wels&radius=25&jobType=&company=&experienceLevel=&datePosted=&remote=&salary=&start=20
2024-07-05 16:21:57 [INFO] Found 30 job cards on page 3
2024-07-05 16:22:27 [ERROR] Error scraping job details from https://at.indeed.com/rc/clk?jk=c1bd3d008ab18b5d&bb=NDYrMhGoxVc4L460LkGO1OHUYuscSao6RygQ6zFOVW8qkrPWTYn39Nya6-s8nUVKdLFSZauN8ZJ5QSNzo4_SnHzypX5RPQzebALrPa049rr2um_vOJPKOnupYFmjelB7&xkcb=SoAo67M3-BggnJUDXp0KbzkdCdPP&fccid=991fc875ed366f81&vjs=3: Navigation timeout of 30000 ms exceeded
2024-07-05 16:22:27 [INFO] Page 3: Scraped 30 jobs
2024-07-05 16:22:27 [DEBUG] Next button exists: true
2024-07-05 16:22:28 [INFO] Navigating to URL: https://at.indeed.com/jobs?q=Software%20Engineer&l=Wels&radius=25&jobType=&company=&experienceLevel=&datePosted=&remote=&salary=&start=30
2024-07-05 16:22:30 [INFO] Found 30 job cards on page 4
2024-07-05 16:22:58 [INFO] Page 4: Scraped 30 jobs
2024-07-05 16:22:58 [DEBUG] Next button exists: true
2024-07-05 16:22:59 [INFO] Navigating to URL: https://at.indeed.com/jobs?q=Software%20Engineer&l=Wels&radius=25&jobType=&company=&experienceLevel=&datePosted=&remote=&salary=&start=40
2024-07-05 16:23:01 [INFO] Found 30 job cards on page 5
2024-07-05 16:23:34 [INFO] Page 5: Scraped 30 jobs
2024-07-05 16:23:34 [DEBUG] Next button exists: true
2024-07-05 16:23:35 [INFO] Navigating to URL: https://at.indeed.com/jobs?q=Software%20Engineer&l=Wels&radius=25&jobType=&company=&experienceLevel=&datePosted=&remote=&salary=&start=50
2024-07-05 16:23:37 [INFO] Found 30 job cards on page 6
2024-07-05 16:24:02 [INFO] Page 6: Scraped 30 jobs
2024-07-05 16:24:02 [DEBUG] Next button exists: true
2024-07-05 16:24:02 [INFO] Navigating to URL: https://at.indeed.com/jobs?q=Software%20Engineer&l=Wels&radius=25&jobType=&company=&experienceLevel=&datePosted=&remote=&salary=&start=60
2024-07-05 16:24:04 [INFO] Found 30 job cards on page 7
2024-07-05 16:24:32 [INFO] Page 7: Scraped 30 jobs
2024-07-05 16:24:32 [DEBUG] Next button exists: true
2024-07-05 16:24:33 [INFO] Navigating to URL: https://at.indeed.com/jobs?q=Software%20Engineer&l=Wels&radius=25&jobType=&company=&experienceLevel=&datePosted=&remote=&salary=&start=70
2024-07-05 16:24:35 [INFO] Found 14 job cards on page 8
2024-07-05 16:24:48 [INFO] Page 8: Scraped 14 jobs
2024-07-05 16:24:48 [DEBUG] Next button exists: false
2024-07-05 16:24:49 [INFO] Total jobs scraped for at: 112
2024-07-05 16:24:49 [INFO] Finished scrape for at, found 112 jobs
